\BOOKMARK [1][-]{section.1}{Introduction}{}% 1
\BOOKMARK [2][-]{subsection.1.1}{What is Time Aggregation?}{section.1}% 2
\BOOKMARK [1][-]{section.2}{Time Aggregated Random Walk}{}% 3
\BOOKMARK [2][-]{subsection.2.1}{The two sub-division case}{section.2}% 4
\BOOKMARK [2][-]{subsection.2.2}{The N sub-division case}{section.2}% 5
\BOOKMARK [2][-]{subsection.2.3}{The Continuous Time Case}{section.2}% 6
\BOOKMARK [1][-]{section.3}{Time Aggregation in blundellconsumption2008}{}% 7
\BOOKMARK [2][-]{subsection.3.1}{The Model in Discrete Time Without Time Aggregation}{section.3}% 8
\BOOKMARK [2][-]{subsection.3.2}{The Model in Continuous Time with Time Aggregation}{section.3}% 9
\BOOKMARK [2][-]{subsection.3.3}{The Evidence}{section.3}% 10
\BOOKMARK [2][-]{subsection.3.4}{Persistence in the Transitory Shock}{section.3}% 11
\BOOKMARK [1][-]{section.4}{Conclusion}{}% 12
\BOOKMARK [1][-]{appendix.A}{Continuous Time Model as Limit of Discrete Model with m Sub-periods}{}% 13
\BOOKMARK [1][-]{appendix.B}{Identification in the Full Model}{}% 14
\BOOKMARK [1][-]{appendix.C}{Persistence in Transitory Shock}{}% 15
\BOOKMARK [2][-]{subsection.C.1}{Linear Decay Model}{appendix.C}% 16
\BOOKMARK [2][-]{subsection.C.2}{The Uniform Model}{appendix.C}% 17
\BOOKMARK [2][-]{subsection.C.3}{The Two-shot Model}{appendix.C}% 18
\BOOKMARK [1][-]{appendix.D}{Effect of Timing of Consumption in the PSID}{}% 19
\BOOKMARK [1][-]{appendix.E}{Other Tables from the BPP paper}{}% 20
